Gestartet als So Okt 22 12:55:56 2017
schlafe bei So Okt 22 12:55:56 2017 für 60 Sekunden
Beendet (So Okt 22 12:55:57 2017) mit Signal 2
Gestartet als So Okt 22 12:56:10 2017
schlafe bei So Okt 22 12:56:10 2017 für 60 Sekunden
Beendet (So Okt 22 12:56:59 2017) mit Signal 2
Gestartet als So Okt 22 12:57:10 2017
schlafe bei So Okt 22 12:57:10 2017 für 60 Sekunden
Beendet (So Okt 22 12:57:11 2017) mit Signal 2
Gestartet als So Okt 22 16:35:22 2017
schlafe bei So Okt 22 16:35:22 2017 für 60 Sekunden
Aufgeweckt als So Okt 22 16:36:22 2017
schlafe bei So Okt 22 16:36:22 2017 für 60 Sekunden
Aufgeweckt als So Okt 22 16:37:22 2017
schlafe bei So Okt 22 16:37:22 2017 für 60 Sekunden
Aufgeweckt als So Okt 22 16:38:22 2017
schlafe bei So Okt 22 16:38:22 2017 für 60 Sekunden
Aufgeweckt als So Okt 22 16:39:22 2017
schlafe bei So Okt 22 16:39:22 2017 für 60 Sekunden
Aufgeweckt als So Okt 22 16:40:22 2017
schlafe bei So Okt 22 16:40:22 2017 für 60 Sekunden
Aufgeweckt als So Okt 22 16:41:22 2017
schlafe bei So Okt 22 16:41:22 2017 für 60 Sekunden
Aufgeweckt als So Okt 22 16:42:22 2017
schlafe bei So Okt 22 16:42:22 2017 für 60 Sekunden
Aufgeweckt als So Okt 22 16:43:22 2017
schlafe bei So Okt 22 16:43:22 2017 für 60 Sekunden
Aufgeweckt als So Okt 22 16:44:22 2017
schlafe bei So Okt 22 16:44:22 2017 für 60 Sekunden
Aufgeweckt als So Okt 22 16:45:22 2017
schlafe bei So Okt 22 16:45:22 2017 für 60 Sekunden
Aufgeweckt als So Okt 22 16:46:22 2017
schlafe bei So Okt 22 16:46:22 2017 für 60 Sekunden
Aufgeweckt als So Okt 22 16:47:22 2017
schlafe bei So Okt 22 16:47:22 2017 für 60 Sekunden
Aufgeweckt als So Okt 22 16:48:22 2017
schlafe bei So Okt 22 16:48:22 2017 für 60 Sekunden
Aufgeweckt als So Okt 22 16:49:22 2017
schlafe bei So Okt 22 16:49:22 2017 für 60 Sekunden
Aufgeweckt als So Okt 22 16:50:22 2017
schlafe bei So Okt 22 16:50:22 2017 für 60 Sekunden
Aufgeweckt als So Okt 22 16:51:22 2017
schlafe bei So Okt 22 16:51:22 2017 für 60 Sekunden
Aufgeweckt als So Okt 22 16:52:22 2017
schlafe bei So Okt 22 16:52:22 2017 für 60 Sekunden
Aufgeweckt als So Okt 22 16:53:22 2017
schlafe bei So Okt 22 16:53:22 2017 für 60 Sekunden
Aufgeweckt als So Okt 22 16:54:22 2017
schlafe bei So Okt 22 16:54:22 2017 für 60 Sekunden
Aufgeweckt als So Okt 22 16:55:22 2017
schlafe bei So Okt 22 16:55:22 2017 für 60 Sekunden
Aufgeweckt als So Okt 22 16:56:22 2017
schlafe bei So Okt 22 16:56:22 2017 für 60 Sekunden
Aufgeweckt als So Okt 22 16:57:22 2017
schlafe bei So Okt 22 16:57:22 2017 für 60 Sekunden
Aufgeweckt als So Okt 22 16:58:22 2017
schlafe bei So Okt 22 16:58:22 2017 für 60 Sekunden
Aufgeweckt als So Okt 22 16:59:22 2017
schlafe bei So Okt 22 16:59:22 2017 für 60 Sekunden
Aufgeweckt als So Okt 22 17:00:22 2017
schlafe bei So Okt 22 17:00:22 2017 für 60 Sekunden
Aufgeweckt als So Okt 22 17:01:22 2017
schlafe bei So Okt 22 17:01:22 2017 für 60 Sekunden
Aufgeweckt als So Okt 22 17:02:22 2017
schlafe bei So Okt 22 17:02:22 2017 für 60 Sekunden
Aufgeweckt als So Okt 22 17:03:22 2017
schlafe bei So Okt 22 17:03:22 2017 für 60 Sekunden
Aufgeweckt als So Okt 22 17:04:22 2017
schlafe bei So Okt 22 17:04:22 2017 für 60 Sekunden
Aufgeweckt als So Okt 22 17:05:22 2017
schlafe bei So Okt 22 17:05:22 2017 für 60 Sekunden
Aufgeweckt als So Okt 22 17:06:22 2017
schlafe bei So Okt 22 17:06:22 2017 für 60 Sekunden
Aufgeweckt als So Okt 22 17:07:22 2017
schlafe bei So Okt 22 17:07:22 2017 für 60 Sekunden
Aufgeweckt als So Okt 22 17:08:22 2017
schlafe bei So Okt 22 17:08:22 2017 für 60 Sekunden
Aufgeweckt als So Okt 22 17:09:22 2017
schlafe bei So Okt 22 17:09:22 2017 für 60 Sekunden
Aufgeweckt als So Okt 22 17:10:22 2017
schlafe bei So Okt 22 17:10:22 2017 für 60 Sekunden
Aufgeweckt als So Okt 22 17:11:22 2017
schlafe bei So Okt 22 17:11:22 2017 für 60 Sekunden
Aufgeweckt als So Okt 22 17:12:22 2017
schlafe bei So Okt 22 17:12:22 2017 für 60 Sekunden
Aufgeweckt als So Okt 22 17:13:22 2017
schlafe bei So Okt 22 17:13:22 2017 für 60 Sekunden
Aufgeweckt als So Okt 22 17:14:22 2017
schlafe bei So Okt 22 17:14:22 2017 für 60 Sekunden
Aufgeweckt als So Okt 22 17:15:22 2017
schlafe bei So Okt 22 17:15:22 2017 für 60 Sekunden
Aufgeweckt als So Okt 22 17:16:22 2017
schlafe bei So Okt 22 17:16:22 2017 für 60 Sekunden
Aufgeweckt als So Okt 22 17:17:22 2017
schlafe bei So Okt 22 17:17:22 2017 für 60 Sekunden
Aufgeweckt als So Okt 22 17:18:22 2017
schlafe bei So Okt 22 17:18:22 2017 für 60 Sekunden
Aufgeweckt als So Okt 22 17:19:22 2017
schlafe bei So Okt 22 17:19:22 2017 für 60 Sekunden
Aufgeweckt als So Okt 22 17:20:22 2017
schlafe bei So Okt 22 17:20:22 2017 für 60 Sekunden
Aufgeweckt als So Okt 22 17:21:22 2017
schlafe bei So Okt 22 17:21:22 2017 für 60 Sekunden
Aufgeweckt als So Okt 22 17:22:22 2017
schlafe bei So Okt 22 17:22:22 2017 für 60 Sekunden
Aufgeweckt als So Okt 22 17:23:22 2017
schlafe bei So Okt 22 17:23:22 2017 für 60 Sekunden
Aufgeweckt als So Okt 22 17:24:22 2017
schlafe bei So Okt 22 17:24:22 2017 für 60 Sekunden
Aufgeweckt als So Okt 22 17:25:22 2017
schlafe bei So Okt 22 17:25:22 2017 für 60 Sekunden
Aufgeweckt als So Okt 22 17:26:22 2017
schlafe bei So Okt 22 17:26:22 2017 für 60 Sekunden
Aufgeweckt als So Okt 22 17:27:22 2017
schlafe bei So Okt 22 17:27:22 2017 für 60 Sekunden
Aufgeweckt als So Okt 22 17:28:22 2017
schlafe bei So Okt 22 17:28:22 2017 für 60 Sekunden
Aufgeweckt als So Okt 22 17:29:22 2017
schlafe bei So Okt 22 17:29:22 2017 für 60 Sekunden
Aufgeweckt als So Okt 22 17:30:22 2017
schlafe bei So Okt 22 17:30:22 2017 für 60 Sekunden
Aufgeweckt als So Okt 22 17:31:22 2017
schlafe bei So Okt 22 17:31:22 2017 für 60 Sekunden
Aufgeweckt als So Okt 22 17:32:22 2017
schlafe bei So Okt 22 17:32:22 2017 für 60 Sekunden
Aufgeweckt als So Okt 22 17:33:22 2017
schlafe bei So Okt 22 17:33:22 2017 für 60 Sekunden
Aufgeweckt als So Okt 22 17:34:22 2017
schlafe bei So Okt 22 17:34:22 2017 für 60 Sekunden
Aufgeweckt als So Okt 22 17:35:22 2017
schlafe bei So Okt 22 17:35:22 2017 für 60 Sekunden
Aufgeweckt als So Okt 22 17:36:22 2017
schlafe bei So Okt 22 17:36:22 2017 für 60 Sekunden
Aufgeweckt als So Okt 22 17:37:22 2017
schlafe bei So Okt 22 17:37:22 2017 für 60 Sekunden
Aufgeweckt als So Okt 22 17:38:22 2017
schlafe bei So Okt 22 17:38:22 2017 für 60 Sekunden
Aufgeweckt als So Okt 22 17:39:22 2017
schlafe bei So Okt 22 17:39:22 2017 für 60 Sekunden
Aufgeweckt als So Okt 22 17:40:22 2017
schlafe bei So Okt 22 17:40:22 2017 für 60 Sekunden
Aufgeweckt als So Okt 22 17:41:22 2017
schlafe bei So Okt 22 17:41:22 2017 für 60 Sekunden
Aufgeweckt als So Okt 22 17:42:22 2017
schlafe bei So Okt 22 17:42:22 2017 für 60 Sekunden
Aufgeweckt als So Okt 22 17:43:22 2017
schlafe bei So Okt 22 17:43:22 2017 für 60 Sekunden
Aufgeweckt als So Okt 22 17:44:22 2017
schlafe bei So Okt 22 17:44:22 2017 für 60 Sekunden
Aufgeweckt als So Okt 22 17:45:22 2017
schlafe bei So Okt 22 17:45:22 2017 für 60 Sekunden
Aufgeweckt als So Okt 22 17:46:22 2017
schlafe bei So Okt 22 17:46:22 2017 für 60 Sekunden
Aufgeweckt als So Okt 22 17:47:22 2017
schlafe bei So Okt 22 17:47:22 2017 für 60 Sekunden
Aufgeweckt als So Okt 22 17:48:22 2017
schlafe bei So Okt 22 17:48:22 2017 für 60 Sekunden
Aufgeweckt als So Okt 22 17:49:22 2017
schlafe bei So Okt 22 17:49:22 2017 für 60 Sekunden
Aufgeweckt als So Okt 22 17:50:22 2017
schlafe bei So Okt 22 17:50:22 2017 für 60 Sekunden
Aufgeweckt als So Okt 22 17:51:22 2017
schlafe bei So Okt 22 17:51:22 2017 für 60 Sekunden
Aufgeweckt als So Okt 22 17:52:22 2017
schlafe bei So Okt 22 17:52:22 2017 für 60 Sekunden
Aufgeweckt als So Okt 22 17:53:22 2017
schlafe bei So Okt 22 17:53:22 2017 für 60 Sekunden
Aufgeweckt als So Okt 22 17:54:22 2017
schlafe bei So Okt 22 17:54:22 2017 für 60 Sekunden
Aufgeweckt als So Okt 22 17:55:22 2017
schlafe bei So Okt 22 17:55:22 2017 für 60 Sekunden
Aufgeweckt als So Okt 22 17:56:22 2017
schlafe bei So Okt 22 17:56:22 2017 für 60 Sekunden
Aufgeweckt als So Okt 22 17:57:22 2017
schlafe bei So Okt 22 17:57:22 2017 für 60 Sekunden
Aufgeweckt als So Okt 22 17:58:22 2017
schlafe bei So Okt 22 17:58:22 2017 für 60 Sekunden
Aufgeweckt als So Okt 22 17:59:22 2017
schlafe bei So Okt 22 17:59:22 2017 für 60 Sekunden
Aufgeweckt als So Okt 22 18:00:22 2017
schlafe bei So Okt 22 18:00:22 2017 für 60 Sekunden
Aufgeweckt als So Okt 22 18:01:22 2017
schlafe bei So Okt 22 18:01:22 2017 für 60 Sekunden
Aufgeweckt als So Okt 22 18:02:22 2017
schlafe bei So Okt 22 18:02:22 2017 für 60 Sekunden
Aufgeweckt als So Okt 22 18:03:22 2017
schlafe bei So Okt 22 18:03:22 2017 für 60 Sekunden
Aufgeweckt als So Okt 22 18:04:22 2017
schlafe bei So Okt 22 18:04:22 2017 für 60 Sekunden
Aufgeweckt als So Okt 22 18:05:22 2017
schlafe bei So Okt 22 18:05:22 2017 für 60 Sekunden
Aufgeweckt als So Okt 22 18:06:22 2017
schlafe bei So Okt 22 18:06:22 2017 für 60 Sekunden
Aufgeweckt als So Okt 22 18:07:22 2017
schlafe bei So Okt 22 18:07:22 2017 für 60 Sekunden
Aufgeweckt als So Okt 22 18:08:22 2017
schlafe bei So Okt 22 18:08:22 2017 für 60 Sekunden
Aufgeweckt als So Okt 22 18:09:22 2017
schlafe bei So Okt 22 18:09:22 2017 für 60 Sekunden
Aufgeweckt als So Okt 22 18:10:22 2017
schlafe bei So Okt 22 18:10:22 2017 für 60 Sekunden
Aufgeweckt als So Okt 22 18:11:22 2017
schlafe bei So Okt 22 18:11:22 2017 für 60 Sekunden
Aufgeweckt als So Okt 22 18:12:22 2017
schlafe bei So Okt 22 18:12:22 2017 für 60 Sekunden
Aufgeweckt als So Okt 22 18:13:22 2017
schlafe bei So Okt 22 18:13:22 2017 für 60 Sekunden
Aufgeweckt als So Okt 22 18:14:22 2017
schlafe bei So Okt 22 18:14:22 2017 für 60 Sekunden
Aufgeweckt als So Okt 22 18:15:22 2017
schlafe bei So Okt 22 18:15:22 2017 für 60 Sekunden
Aufgeweckt als So Okt 22 18:16:22 2017
schlafe bei So Okt 22 18:16:22 2017 für 60 Sekunden
Aufgeweckt als So Okt 22 18:17:22 2017
schlafe bei So Okt 22 18:17:22 2017 für 60 Sekunden
Aufgeweckt als So Okt 22 18:18:22 2017
schlafe bei So Okt 22 18:18:22 2017 für 60 Sekunden
Aufgeweckt als So Okt 22 18:19:22 2017
schlafe bei So Okt 22 18:19:22 2017 für 60 Sekunden
Aufgeweckt als So Okt 22 18:20:22 2017
schlafe bei So Okt 22 18:20:22 2017 für 60 Sekunden
Aufgeweckt als So Okt 22 18:21:22 2017
schlafe bei So Okt 22 18:21:22 2017 für 60 Sekunden
Aufgeweckt als So Okt 22 18:22:22 2017
schlafe bei So Okt 22 18:22:22 2017 für 60 Sekunden
Aufgeweckt als So Okt 22 18:23:22 2017
schlafe bei So Okt 22 18:23:22 2017 für 60 Sekunden
Aufgeweckt als So Okt 22 18:24:22 2017
schlafe bei So Okt 22 18:24:22 2017 für 60 Sekunden
Aufgeweckt als So Okt 22 18:25:22 2017
schlafe bei So Okt 22 18:25:22 2017 für 60 Sekunden
Aufgeweckt als So Okt 22 18:26:22 2017
schlafe bei So Okt 22 18:26:22 2017 für 60 Sekunden
Aufgeweckt als So Okt 22 18:27:22 2017
schlafe bei So Okt 22 18:27:22 2017 für 60 Sekunden
Aufgeweckt als So Okt 22 18:28:22 2017
schlafe bei So Okt 22 18:28:22 2017 für 60 Sekunden
Aufgeweckt als So Okt 22 18:29:22 2017
schlafe bei So Okt 22 18:29:22 2017 für 60 Sekunden
Aufgeweckt als So Okt 22 18:30:22 2017
schlafe bei So Okt 22 18:30:22 2017 für 60 Sekunden
Aufgeweckt als So Okt 22 18:31:22 2017
schlafe bei So Okt 22 18:31:22 2017 für 60 Sekunden
Aufgeweckt als So Okt 22 18:32:22 2017
schlafe bei So Okt 22 18:32:22 2017 für 60 Sekunden
Aufgeweckt als So Okt 22 18:33:22 2017
schlafe bei So Okt 22 18:33:22 2017 für 60 Sekunden
Aufgeweckt als So Okt 22 18:34:22 2017
schlafe bei So Okt 22 18:34:22 2017 für 60 Sekunden
Aufgeweckt als So Okt 22 18:35:22 2017
schlafe bei So Okt 22 18:35:22 2017 für 60 Sekunden
Aufgeweckt als So Okt 22 18:36:22 2017
schlafe bei So Okt 22 18:36:22 2017 für 60 Sekunden
Aufgeweckt als So Okt 22 18:37:22 2017
schlafe bei So Okt 22 18:37:22 2017 für 60 Sekunden
Aufgeweckt als So Okt 22 18:38:22 2017
schlafe bei So Okt 22 18:38:22 2017 für 60 Sekunden
Aufgeweckt als So Okt 22 18:39:22 2017
schlafe bei So Okt 22 18:39:22 2017 für 60 Sekunden
Aufgeweckt als So Okt 22 18:40:22 2017
schlafe bei So Okt 22 18:40:22 2017 für 60 Sekunden
Aufgeweckt als So Okt 22 18:41:22 2017
schlafe bei So Okt 22 18:41:22 2017 für 60 Sekunden
Aufgeweckt als So Okt 22 18:42:22 2017
schlafe bei So Okt 22 18:42:22 2017 für 60 Sekunden
Aufgeweckt als So Okt 22 18:43:22 2017
schlafe bei So Okt 22 18:43:22 2017 für 60 Sekunden
Aufgeweckt als So Okt 22 18:44:22 2017
schlafe bei So Okt 22 18:44:22 2017 für 60 Sekunden
Aufgeweckt als So Okt 22 18:45:22 2017
schlafe bei So Okt 22 18:45:22 2017 für 60 Sekunden
Aufgeweckt als So Okt 22 18:46:22 2017
schlafe bei So Okt 22 18:46:22 2017 für 60 Sekunden
Aufgeweckt als So Okt 22 18:47:22 2017
schlafe bei So Okt 22 18:47:22 2017 für 60 Sekunden
Aufgeweckt als So Okt 22 18:48:22 2017
schlafe bei So Okt 22 18:48:22 2017 für 60 Sekunden
Aufgeweckt als So Okt 22 18:49:22 2017
schlafe bei So Okt 22 18:49:22 2017 für 60 Sekunden
Aufgeweckt als So Okt 22 18:50:22 2017
schlafe bei So Okt 22 18:50:22 2017 für 60 Sekunden
Aufgeweckt als So Okt 22 18:51:22 2017
schlafe bei So Okt 22 18:51:22 2017 für 60 Sekunden
Aufgeweckt als So Okt 22 18:52:22 2017
schlafe bei So Okt 22 18:52:22 2017 für 60 Sekunden
Aufgeweckt als So Okt 22 18:53:22 2017
schlafe bei So Okt 22 18:53:22 2017 für 60 Sekunden
Aufgeweckt als So Okt 22 18:54:22 2017
schlafe bei So Okt 22 18:54:22 2017 für 60 Sekunden
Aufgeweckt als So Okt 22 18:55:22 2017
schlafe bei So Okt 22 18:55:22 2017 für 60 Sekunden
Aufgeweckt als So Okt 22 18:56:22 2017
schlafe bei So Okt 22 18:56:22 2017 für 60 Sekunden
Aufgeweckt als So Okt 22 18:57:22 2017
schlafe bei So Okt 22 18:57:22 2017 für 60 Sekunden
Aufgeweckt als So Okt 22 18:58:22 2017
schlafe bei So Okt 22 18:58:22 2017 für 60 Sekunden
Aufgeweckt als So Okt 22 18:59:22 2017
schlafe bei So Okt 22 18:59:22 2017 für 60 Sekunden
Aufgeweckt als So Okt 22 19:00:22 2017
schlafe bei So Okt 22 19:00:22 2017 für 60 Sekunden
Aufgeweckt als So Okt 22 19:01:22 2017
schlafe bei So Okt 22 19:01:22 2017 für 60 Sekunden
Aufgeweckt als So Okt 22 19:02:22 2017
schlafe bei So Okt 22 19:02:22 2017 für 60 Sekunden
Aufgeweckt als So Okt 22 19:03:22 2017
schlafe bei So Okt 22 19:03:22 2017 für 60 Sekunden
Aufgeweckt als So Okt 22 19:04:22 2017
schlafe bei So Okt 22 19:04:22 2017 für 60 Sekunden
Aufgeweckt als So Okt 22 19:05:22 2017
schlafe bei So Okt 22 19:05:22 2017 für 60 Sekunden
Aufgeweckt als So Okt 22 19:06:22 2017
schlafe bei So Okt 22 19:06:22 2017 für 60 Sekunden
Aufgeweckt als So Okt 22 19:07:22 2017
schlafe bei So Okt 22 19:07:22 2017 für 60 Sekunden
Aufgeweckt als So Okt 22 19:08:22 2017
schlafe bei So Okt 22 19:08:22 2017 für 60 Sekunden
Aufgeweckt als So Okt 22 19:09:22 2017
schlafe bei So Okt 22 19:09:22 2017 für 60 Sekunden
Aufgeweckt als So Okt 22 19:10:22 2017
schlafe bei So Okt 22 19:10:22 2017 für 60 Sekunden
Aufgeweckt als So Okt 22 19:11:22 2017
schlafe bei So Okt 22 19:11:22 2017 für 60 Sekunden
Aufgeweckt als So Okt 22 19:12:22 2017
schlafe bei So Okt 22 19:12:22 2017 für 60 Sekunden
Aufgeweckt als So Okt 22 19:13:22 2017
schlafe bei So Okt 22 19:13:22 2017 für 60 Sekunden
Aufgeweckt als So Okt 22 19:14:22 2017
schlafe bei So Okt 22 19:14:22 2017 für 60 Sekunden
Aufgeweckt als So Okt 22 19:15:22 2017
schlafe bei So Okt 22 19:15:22 2017 für 60 Sekunden
Aufgeweckt als So Okt 22 19:16:22 2017
schlafe bei So Okt 22 19:16:22 2017 für 60 Sekunden
Aufgeweckt als So Okt 22 19:17:22 2017
schlafe bei So Okt 22 19:17:22 2017 für 60 Sekunden
Aufgeweckt als So Okt 22 19:18:22 2017
schlafe bei So Okt 22 19:18:22 2017 für 60 Sekunden
Aufgeweckt als So Okt 22 19:19:22 2017
schlafe bei So Okt 22 19:19:22 2017 für 60 Sekunden
Aufgeweckt als So Okt 22 19:20:22 2017
schlafe bei So Okt 22 19:20:22 2017 für 60 Sekunden
Aufgeweckt als So Okt 22 19:21:22 2017
schlafe bei So Okt 22 19:21:22 2017 für 60 Sekunden
Aufgeweckt als So Okt 22 19:22:22 2017
schlafe bei So Okt 22 19:22:22 2017 für 60 Sekunden
Aufgeweckt als So Okt 22 19:23:22 2017
schlafe bei So Okt 22 19:23:22 2017 für 60 Sekunden
Aufgeweckt als So Okt 22 19:24:22 2017
schlafe bei So Okt 22 19:24:22 2017 für 60 Sekunden
Aufgeweckt als So Okt 22 19:25:22 2017
schlafe bei So Okt 22 19:25:22 2017 für 60 Sekunden
Aufgeweckt als So Okt 22 19:26:22 2017
schlafe bei So Okt 22 19:26:22 2017 für 60 Sekunden
Aufgeweckt als So Okt 22 19:27:22 2017
schlafe bei So Okt 22 19:27:22 2017 für 60 Sekunden
Aufgeweckt als So Okt 22 19:28:22 2017
schlafe bei So Okt 22 19:28:22 2017 für 60 Sekunden
Aufgeweckt als So Okt 22 19:29:22 2017
schlafe bei So Okt 22 19:29:22 2017 für 60 Sekunden
Aufgeweckt als So Okt 22 19:30:22 2017
schlafe bei So Okt 22 19:30:22 2017 für 60 Sekunden
Aufgeweckt als So Okt 22 19:31:22 2017
schlafe bei So Okt 22 19:31:22 2017 für 60 Sekunden
Aufgeweckt als So Okt 22 19:32:22 2017
schlafe bei So Okt 22 19:32:22 2017 für 60 Sekunden
Aufgeweckt als So Okt 22 19:33:22 2017
schlafe bei So Okt 22 19:33:22 2017 für 60 Sekunden
Aufgeweckt als So Okt 22 19:34:22 2017
schlafe bei So Okt 22 19:34:22 2017 für 60 Sekunden
Aufgeweckt als So Okt 22 19:35:22 2017
schlafe bei So Okt 22 19:35:22 2017 für 60 Sekunden
Aufgeweckt als So Okt 22 19:36:22 2017
schlafe bei So Okt 22 19:36:22 2017 für 60 Sekunden
Aufgeweckt als So Okt 22 19:37:22 2017
schlafe bei So Okt 22 19:37:22 2017 für 60 Sekunden
Aufgeweckt als So Okt 22 19:38:22 2017
schlafe bei So Okt 22 19:38:22 2017 für 60 Sekunden
Aufgeweckt als So Okt 22 19:39:22 2017
schlafe bei So Okt 22 19:39:22 2017 für 60 Sekunden
Aufgeweckt als So Okt 22 19:40:22 2017
schlafe bei So Okt 22 19:40:22 2017 für 60 Sekunden
Aufgeweckt als So Okt 22 19:41:22 2017
schlafe bei So Okt 22 19:41:22 2017 für 60 Sekunden
Aufgeweckt als So Okt 22 19:42:22 2017
schlafe bei So Okt 22 19:42:22 2017 für 60 Sekunden
Aufgeweckt als So Okt 22 19:43:22 2017
schlafe bei So Okt 22 19:43:22 2017 für 60 Sekunden
Aufgeweckt als So Okt 22 19:44:22 2017
schlafe bei So Okt 22 19:44:22 2017 für 60 Sekunden
Aufgeweckt als So Okt 22 19:45:22 2017
schlafe bei So Okt 22 19:45:22 2017 für 60 Sekunden
Aufgeweckt als So Okt 22 19:46:22 2017
schlafe bei So Okt 22 19:46:22 2017 für 60 Sekunden
Aufgeweckt als So Okt 22 19:47:22 2017
schlafe bei So Okt 22 19:47:22 2017 für 60 Sekunden
Aufgeweckt als So Okt 22 19:48:22 2017
schlafe bei So Okt 22 19:48:22 2017 für 60 Sekunden
Aufgeweckt als So Okt 22 19:49:22 2017
schlafe bei So Okt 22 19:49:22 2017 für 60 Sekunden
Aufgeweckt als So Okt 22 19:50:22 2017
schlafe bei So Okt 22 19:50:22 2017 für 60 Sekunden
Aufgeweckt als So Okt 22 19:51:22 2017
schlafe bei So Okt 22 19:51:22 2017 für 60 Sekunden
Aufgeweckt als So Okt 22 19:52:22 2017
schlafe bei So Okt 22 19:52:22 2017 für 60 Sekunden
Aufgeweckt als So Okt 22 19:53:22 2017
schlafe bei So Okt 22 19:53:22 2017 für 60 Sekunden
Aufgeweckt als So Okt 22 19:54:22 2017
schlafe bei So Okt 22 19:54:22 2017 für 60 Sekunden
Aufgeweckt als So Okt 22 19:55:22 2017
schlafe bei So Okt 22 19:55:22 2017 für 60 Sekunden
Aufgeweckt als So Okt 22 19:56:22 2017
schlafe bei So Okt 22 19:56:22 2017 für 60 Sekunden
Aufgeweckt als So Okt 22 19:57:22 2017
schlafe bei So Okt 22 19:57:22 2017 für 60 Sekunden
Aufgeweckt als So Okt 22 19:58:22 2017
schlafe bei So Okt 22 19:58:22 2017 für 60 Sekunden
Aufgeweckt als So Okt 22 19:59:22 2017
schlafe bei So Okt 22 19:59:22 2017 für 60 Sekunden
Aufgeweckt als So Okt 22 20:00:22 2017
schlafe bei So Okt 22 20:00:22 2017 für 60 Sekunden
Aufgeweckt als So Okt 22 20:01:22 2017
schlafe bei So Okt 22 20:01:22 2017 für 60 Sekunden
Aufgeweckt als So Okt 22 20:02:22 2017
schlafe bei So Okt 22 20:02:22 2017 für 60 Sekunden
Aufgeweckt als So Okt 22 20:03:22 2017
schlafe bei So Okt 22 20:03:22 2017 für 60 Sekunden
Aufgeweckt als So Okt 22 20:04:22 2017
schlafe bei So Okt 22 20:04:22 2017 für 60 Sekunden
Aufgeweckt als So Okt 22 20:05:22 2017
schlafe bei So Okt 22 20:05:22 2017 für 60 Sekunden
Aufgeweckt als So Okt 22 20:06:22 2017
schlafe bei So Okt 22 20:06:22 2017 für 60 Sekunden
Aufgeweckt als So Okt 22 20:07:22 2017
schlafe bei So Okt 22 20:07:22 2017 für 60 Sekunden
Aufgeweckt als So Okt 22 20:08:22 2017
schlafe bei So Okt 22 20:08:22 2017 für 60 Sekunden
Aufgeweckt als So Okt 22 20:09:22 2017
schlafe bei So Okt 22 20:09:22 2017 für 60 Sekunden
Aufgeweckt als So Okt 22 20:10:22 2017
schlafe bei So Okt 22 20:10:22 2017 für 60 Sekunden
Aufgeweckt als So Okt 22 20:11:22 2017
schlafe bei So Okt 22 20:11:22 2017 für 60 Sekunden
Aufgeweckt als So Okt 22 20:12:22 2017
schlafe bei So Okt 22 20:12:22 2017 für 60 Sekunden
Aufgeweckt als So Okt 22 20:13:22 2017
schlafe bei So Okt 22 20:13:22 2017 für 60 Sekunden
Aufgeweckt als So Okt 22 20:14:22 2017
schlafe bei So Okt 22 20:14:22 2017 für 60 Sekunden
Aufgeweckt als So Okt 22 20:15:22 2017
schlafe bei So Okt 22 20:15:22 2017 für 60 Sekunden
Aufgeweckt als So Okt 22 20:16:22 2017
schlafe bei So Okt 22 20:16:22 2017 für 60 Sekunden
Aufgeweckt als So Okt 22 20:17:22 2017
schlafe bei So Okt 22 20:17:22 2017 für 60 Sekunden
Aufgeweckt als So Okt 22 20:18:22 2017
schlafe bei So Okt 22 20:18:22 2017 für 60 Sekunden
Aufgeweckt als So Okt 22 20:19:22 2017
schlafe bei So Okt 22 20:19:22 2017 für 60 Sekunden
Aufgeweckt als So Okt 22 20:20:22 2017
schlafe bei So Okt 22 20:20:22 2017 für 60 Sekunden
Aufgeweckt als So Okt 22 20:21:22 2017
schlafe bei So Okt 22 20:21:22 2017 für 60 Sekunden
Aufgeweckt als So Okt 22 20:22:22 2017
schlafe bei So Okt 22 20:22:22 2017 für 60 Sekunden
Aufgeweckt als So Okt 22 20:23:22 2017
schlafe bei So Okt 22 20:23:22 2017 für 60 Sekunden
Aufgeweckt als So Okt 22 20:24:22 2017
schlafe bei So Okt 22 20:24:22 2017 für 60 Sekunden
Aufgeweckt als So Okt 22 20:25:22 2017
schlafe bei So Okt 22 20:25:22 2017 für 60 Sekunden
Aufgeweckt als So Okt 22 20:26:22 2017
schlafe bei So Okt 22 20:26:22 2017 für 60 Sekunden
Aufgeweckt als So Okt 22 20:27:22 2017
schlafe bei So Okt 22 20:27:22 2017 für 60 Sekunden
Aufgeweckt als So Okt 22 20:28:22 2017
schlafe bei So Okt 22 20:28:22 2017 für 60 Sekunden
Aufgeweckt als So Okt 22 20:29:22 2017
schlafe bei So Okt 22 20:29:22 2017 für 60 Sekunden
Aufgeweckt als So Okt 22 20:30:22 2017
schlafe bei So Okt 22 20:30:22 2017 für 60 Sekunden
Aufgeweckt als So Okt 22 20:31:22 2017
schlafe bei So Okt 22 20:31:22 2017 für 60 Sekunden
Aufgeweckt als So Okt 22 20:32:22 2017
schlafe bei So Okt 22 20:32:22 2017 für 60 Sekunden
Aufgeweckt als So Okt 22 20:33:22 2017
schlafe bei So Okt 22 20:33:22 2017 für 60 Sekunden
Aufgeweckt als So Okt 22 20:34:22 2017
schlafe bei So Okt 22 20:34:22 2017 für 60 Sekunden
Aufgeweckt als So Okt 22 20:35:22 2017
schlafe bei So Okt 22 20:35:22 2017 für 60 Sekunden
Aufgeweckt als So Okt 22 20:36:22 2017
schlafe bei So Okt 22 20:36:22 2017 für 60 Sekunden
Aufgeweckt als So Okt 22 20:37:22 2017
schlafe bei So Okt 22 20:37:22 2017 für 60 Sekunden
Aufgeweckt als So Okt 22 20:38:22 2017
schlafe bei So Okt 22 20:38:22 2017 für 60 Sekunden
Aufgeweckt als So Okt 22 20:39:22 2017
schlafe bei So Okt 22 20:39:22 2017 für 60 Sekunden
Aufgeweckt als So Okt 22 20:40:22 2017
schlafe bei So Okt 22 20:40:22 2017 für 60 Sekunden
Aufgeweckt als So Okt 22 20:41:22 2017
schlafe bei So Okt 22 20:41:22 2017 für 60 Sekunden
Aufgeweckt als So Okt 22 20:42:22 2017
schlafe bei So Okt 22 20:42:22 2017 für 60 Sekunden
Aufgeweckt als So Okt 22 20:43:22 2017
schlafe bei So Okt 22 20:43:22 2017 für 60 Sekunden
Aufgeweckt als So Okt 22 20:44:22 2017
schlafe bei So Okt 22 20:44:22 2017 für 60 Sekunden
Aufgeweckt als So Okt 22 20:45:22 2017
schlafe bei So Okt 22 20:45:22 2017 für 60 Sekunden
Aufgeweckt als So Okt 22 20:46:22 2017
schlafe bei So Okt 22 20:46:22 2017 für 60 Sekunden
Aufgeweckt als So Okt 22 20:47:22 2017
schlafe bei So Okt 22 20:47:22 2017 für 60 Sekunden
Aufgeweckt als So Okt 22 20:48:22 2017
schlafe bei So Okt 22 20:48:22 2017 für 60 Sekunden
Aufgeweckt als So Okt 22 20:49:22 2017
schlafe bei So Okt 22 20:49:22 2017 für 60 Sekunden
Aufgeweckt als So Okt 22 20:50:22 2017
schlafe bei So Okt 22 20:50:22 2017 für 60 Sekunden
Aufgeweckt als So Okt 22 20:51:22 2017
schlafe bei So Okt 22 20:51:22 2017 für 60 Sekunden
Aufgeweckt als So Okt 22 20:52:22 2017
schlafe bei So Okt 22 20:52:22 2017 für 60 Sekunden
Aufgeweckt als So Okt 22 20:53:22 2017
schlafe bei So Okt 22 20:53:22 2017 für 60 Sekunden
Aufgeweckt als So Okt 22 20:54:22 2017
schlafe bei So Okt 22 20:54:22 2017 für 60 Sekunden
Aufgeweckt als So Okt 22 20:55:22 2017
schlafe bei So Okt 22 20:55:22 2017 für 60 Sekunden
Aufgeweckt als So Okt 22 20:56:22 2017
schlafe bei So Okt 22 20:56:22 2017 für 60 Sekunden
Aufgeweckt als So Okt 22 20:57:22 2017
schlafe bei So Okt 22 20:57:22 2017 für 60 Sekunden
Aufgeweckt als So Okt 22 20:58:22 2017
schlafe bei So Okt 22 20:58:22 2017 für 60 Sekunden
Aufgeweckt als So Okt 22 20:59:22 2017
schlafe bei So Okt 22 20:59:22 2017 für 60 Sekunden
Aufgeweckt als So Okt 22 21:00:22 2017
schlafe bei So Okt 22 21:00:22 2017 für 60 Sekunden
Aufgeweckt als So Okt 22 21:01:22 2017
schlafe bei So Okt 22 21:01:22 2017 für 60 Sekunden
Aufgeweckt als So Okt 22 21:02:22 2017
schlafe bei So Okt 22 21:02:22 2017 für 60 Sekunden
Aufgeweckt als So Okt 22 21:03:22 2017
schlafe bei So Okt 22 21:03:22 2017 für 60 Sekunden
Aufgeweckt als So Okt 22 21:04:22 2017
schlafe bei So Okt 22 21:04:22 2017 für 60 Sekunden
Aufgeweckt als So Okt 22 21:05:22 2017
schlafe bei So Okt 22 21:05:22 2017 für 60 Sekunden
Aufgeweckt als So Okt 22 21:06:22 2017
schlafe bei So Okt 22 21:06:22 2017 für 60 Sekunden
Aufgeweckt als So Okt 22 21:07:22 2017
schlafe bei So Okt 22 21:07:22 2017 für 60 Sekunden
Aufgeweckt als So Okt 22 21:08:22 2017
schlafe bei So Okt 22 21:08:22 2017 für 60 Sekunden
Aufgeweckt als So Okt 22 21:09:22 2017
schlafe bei So Okt 22 21:09:22 2017 für 60 Sekunden
Aufgeweckt als So Okt 22 21:10:22 2017
schlafe bei So Okt 22 21:10:22 2017 für 60 Sekunden
Aufgeweckt als So Okt 22 21:11:22 2017
schlafe bei So Okt 22 21:11:22 2017 für 60 Sekunden
Aufgeweckt als So Okt 22 21:12:22 2017
schlafe bei So Okt 22 21:12:22 2017 für 60 Sekunden
Aufgeweckt als So Okt 22 21:13:22 2017
schlafe bei So Okt 22 21:13:22 2017 für 60 Sekunden
Aufgeweckt als So Okt 22 21:14:22 2017
schlafe bei So Okt 22 21:14:22 2017 für 60 Sekunden
Aufgeweckt als So Okt 22 21:15:22 2017
schlafe bei So Okt 22 21:15:22 2017 für 60 Sekunden
Aufgeweckt als So Okt 22 21:16:22 2017
schlafe bei So Okt 22 21:16:22 2017 für 60 Sekunden
Aufgeweckt als So Okt 22 21:17:22 2017
schlafe bei So Okt 22 21:17:22 2017 für 60 Sekunden
Aufgeweckt als So Okt 22 21:18:22 2017
schlafe bei So Okt 22 21:18:22 2017 für 60 Sekunden
Aufgeweckt als So Okt 22 21:19:22 2017
schlafe bei So Okt 22 21:19:22 2017 für 60 Sekunden
Aufgeweckt als So Okt 22 21:20:22 2017
schlafe bei So Okt 22 21:20:22 2017 für 60 Sekunden
Aufgeweckt als So Okt 22 21:21:22 2017
schlafe bei So Okt 22 21:21:22 2017 für 60 Sekunden
Aufgeweckt als So Okt 22 21:22:22 2017
schlafe bei So Okt 22 21:22:22 2017 für 60 Sekunden
Aufgeweckt als So Okt 22 21:23:22 2017
schlafe bei So Okt 22 21:23:22 2017 für 60 Sekunden
Aufgeweckt als So Okt 22 21:24:22 2017
schlafe bei So Okt 22 21:24:22 2017 für 60 Sekunden
Aufgeweckt als So Okt 22 21:25:22 2017
schlafe bei So Okt 22 21:25:22 2017 für 60 Sekunden
Aufgeweckt als So Okt 22 21:26:22 2017
schlafe bei So Okt 22 21:26:22 2017 für 60 Sekunden
Aufgeweckt als So Okt 22 21:27:22 2017
schlafe bei So Okt 22 21:27:22 2017 für 60 Sekunden
Aufgeweckt als So Okt 22 21:28:22 2017
schlafe bei So Okt 22 21:28:22 2017 für 60 Sekunden
Aufgeweckt als So Okt 22 21:29:22 2017
schlafe bei So Okt 22 21:29:22 2017 für 60 Sekunden
Aufgeweckt als So Okt 22 21:30:22 2017
schlafe bei So Okt 22 21:30:22 2017 für 60 Sekunden
Aufgeweckt als So Okt 22 21:31:22 2017
schlafe bei So Okt 22 21:31:22 2017 für 60 Sekunden
Aufgeweckt als So Okt 22 21:32:22 2017
schlafe bei So Okt 22 21:32:22 2017 für 60 Sekunden
Aufgeweckt als So Okt 22 21:33:22 2017
schlafe bei So Okt 22 21:33:22 2017 für 60 Sekunden
Aufgeweckt als So Okt 22 21:34:22 2017
schlafe bei So Okt 22 21:34:22 2017 für 60 Sekunden
Aufgeweckt als So Okt 22 21:35:22 2017
schlafe bei So Okt 22 21:35:22 2017 für 60 Sekunden
Aufgeweckt als So Okt 22 21:36:22 2017
schlafe bei So Okt 22 21:36:22 2017 für 60 Sekunden
Aufgeweckt als So Okt 22 21:37:22 2017
schlafe bei So Okt 22 21:37:22 2017 für 60 Sekunden
Aufgeweckt als So Okt 22 21:38:22 2017
schlafe bei So Okt 22 21:38:22 2017 für 60 Sekunden
Aufgeweckt als So Okt 22 21:39:22 2017
schlafe bei So Okt 22 21:39:22 2017 für 60 Sekunden
Aufgeweckt als So Okt 22 21:40:22 2017
schlafe bei So Okt 22 21:40:22 2017 für 60 Sekunden
Aufgeweckt als So Okt 22 21:41:22 2017
schlafe bei So Okt 22 21:41:22 2017 für 60 Sekunden
Aufgeweckt als So Okt 22 21:42:22 2017
schlafe bei So Okt 22 21:42:22 2017 für 60 Sekunden
Aufgeweckt als So Okt 22 21:43:22 2017
schlafe bei So Okt 22 21:43:22 2017 für 60 Sekunden
Aufgeweckt als So Okt 22 21:44:22 2017
schlafe bei So Okt 22 21:44:22 2017 für 60 Sekunden
Aufgeweckt als So Okt 22 21:45:22 2017
schlafe bei So Okt 22 21:45:22 2017 für 60 Sekunden
Aufgeweckt als So Okt 22 21:46:22 2017
schlafe bei So Okt 22 21:46:22 2017 für 60 Sekunden
Aufgeweckt als So Okt 22 21:47:22 2017
schlafe bei So Okt 22 21:47:22 2017 für 60 Sekunden
Aufgeweckt als So Okt 22 21:48:22 2017
schlafe bei So Okt 22 21:48:22 2017 für 60 Sekunden
Aufgeweckt als So Okt 22 21:49:22 2017
schlafe bei So Okt 22 21:49:22 2017 für 60 Sekunden
Aufgeweckt als So Okt 22 21:50:22 2017
schlafe bei So Okt 22 21:50:22 2017 für 60 Sekunden
Aufgeweckt als So Okt 22 21:51:22 2017
schlafe bei So Okt 22 21:51:22 2017 für 60 Sekunden
Aufgeweckt als So Okt 22 21:52:22 2017
schlafe bei So Okt 22 21:52:22 2017 für 60 Sekunden
Aufgeweckt als So Okt 22 21:53:22 2017
schlafe bei So Okt 22 21:53:22 2017 für 60 Sekunden
Aufgeweckt als So Okt 22 21:54:22 2017
schlafe bei So Okt 22 21:54:22 2017 für 60 Sekunden
Aufgeweckt als So Okt 22 21:55:22 2017
schlafe bei So Okt 22 21:55:22 2017 für 60 Sekunden
Aufgeweckt als So Okt 22 21:56:22 2017
schlafe bei So Okt 22 21:56:22 2017 für 60 Sekunden
Aufgeweckt als So Okt 22 21:57:22 2017
schlafe bei So Okt 22 21:57:22 2017 für 60 Sekunden
Aufgeweckt als So Okt 22 21:58:22 2017
schlafe bei So Okt 22 21:58:22 2017 für 60 Sekunden
Aufgeweckt als So Okt 22 21:59:22 2017
schlafe bei So Okt 22 21:59:22 2017 für 60 Sekunden
Aufgeweckt als So Okt 22 22:00:22 2017
schlafe bei So Okt 22 22:00:22 2017 für 60 Sekunden
Aufgeweckt als So Okt 22 22:01:22 2017
schlafe bei So Okt 22 22:01:22 2017 für 60 Sekunden
Aufgeweckt als So Okt 22 22:02:22 2017
schlafe bei So Okt 22 22:02:22 2017 für 60 Sekunden
Aufgeweckt als So Okt 22 22:03:22 2017
schlafe bei So Okt 22 22:03:22 2017 für 60 Sekunden
Aufgeweckt als So Okt 22 22:04:22 2017
schlafe bei So Okt 22 22:04:22 2017 für 60 Sekunden
Aufgeweckt als So Okt 22 22:05:22 2017
schlafe bei So Okt 22 22:05:22 2017 für 60 Sekunden
Aufgeweckt als So Okt 22 22:06:22 2017
schlafe bei So Okt 22 22:06:22 2017 für 60 Sekunden
Aufgeweckt als So Okt 22 22:07:22 2017
schlafe bei So Okt 22 22:07:22 2017 für 60 Sekunden
Aufgeweckt als So Okt 22 22:08:22 2017
schlafe bei So Okt 22 22:08:22 2017 für 60 Sekunden
Aufgeweckt als So Okt 22 22:09:22 2017
schlafe bei So Okt 22 22:09:22 2017 für 60 Sekunden
Aufgeweckt als So Okt 22 22:10:22 2017
schlafe bei So Okt 22 22:10:22 2017 für 60 Sekunden
Aufgeweckt als So Okt 22 22:11:22 2017
schlafe bei So Okt 22 22:11:22 2017 für 60 Sekunden
Aufgeweckt als So Okt 22 22:12:22 2017
schlafe bei So Okt 22 22:12:22 2017 für 60 Sekunden
Aufgeweckt als So Okt 22 22:13:22 2017
schlafe bei So Okt 22 22:13:22 2017 für 60 Sekunden
Aufgeweckt als So Okt 22 22:14:22 2017
schlafe bei So Okt 22 22:14:22 2017 für 60 Sekunden
Aufgeweckt als So Okt 22 22:15:22 2017
schlafe bei So Okt 22 22:15:22 2017 für 60 Sekunden
Aufgeweckt als So Okt 22 22:16:22 2017
schlafe bei So Okt 22 22:16:22 2017 für 60 Sekunden
Aufgeweckt als So Okt 22 22:17:22 2017
schlafe bei So Okt 22 22:17:22 2017 für 60 Sekunden
Aufgeweckt als So Okt 22 22:18:22 2017
schlafe bei So Okt 22 22:18:22 2017 für 60 Sekunden
Aufgeweckt als So Okt 22 22:19:22 2017
schlafe bei So Okt 22 22:19:22 2017 für 60 Sekunden
Aufgeweckt als So Okt 22 22:20:22 2017
schlafe bei So Okt 22 22:20:22 2017 für 60 Sekunden
Aufgeweckt als So Okt 22 22:21:22 2017
schlafe bei So Okt 22 22:21:22 2017 für 60 Sekunden
Aufgeweckt als So Okt 22 22:22:22 2017
schlafe bei So Okt 22 22:22:22 2017 für 60 Sekunden
Aufgeweckt als So Okt 22 22:23:22 2017
schlafe bei So Okt 22 22:23:22 2017 für 60 Sekunden
Aufgeweckt als So Okt 22 22:24:22 2017
schlafe bei So Okt 22 22:24:22 2017 für 60 Sekunden
Aufgeweckt als So Okt 22 22:25:22 2017
schlafe bei So Okt 22 22:25:22 2017 für 60 Sekunden
Aufgeweckt als So Okt 22 22:26:22 2017
schlafe bei So Okt 22 22:26:22 2017 für 60 Sekunden
Aufgeweckt als So Okt 22 22:27:22 2017
schlafe bei So Okt 22 22:27:22 2017 für 60 Sekunden
Aufgeweckt als So Okt 22 22:28:22 2017
schlafe bei So Okt 22 22:28:22 2017 für 60 Sekunden
Aufgeweckt als So Okt 22 22:29:22 2017
schlafe bei So Okt 22 22:29:22 2017 für 60 Sekunden
Aufgeweckt als So Okt 22 22:30:22 2017
schlafe bei So Okt 22 22:30:22 2017 für 60 Sekunden
Aufgeweckt als So Okt 22 22:31:22 2017
schlafe bei So Okt 22 22:31:22 2017 für 60 Sekunden
Aufgeweckt als So Okt 22 22:32:22 2017
schlafe bei So Okt 22 22:32:22 2017 für 60 Sekunden
Aufgeweckt als So Okt 22 22:33:22 2017
schlafe bei So Okt 22 22:33:22 2017 für 60 Sekunden
Aufgeweckt als So Okt 22 22:34:22 2017
schlafe bei So Okt 22 22:34:22 2017 für 60 Sekunden
Aufgeweckt als So Okt 22 22:35:22 2017
schlafe bei So Okt 22 22:35:22 2017 für 60 Sekunden
Aufgeweckt als So Okt 22 22:36:22 2017
schlafe bei So Okt 22 22:36:22 2017 für 60 Sekunden
Aufgeweckt als So Okt 22 22:37:22 2017
schlafe bei So Okt 22 22:37:22 2017 für 60 Sekunden
Aufgeweckt als So Okt 22 22:38:22 2017
schlafe bei So Okt 22 22:38:22 2017 für 60 Sekunden
Aufgeweckt als So Okt 22 22:39:22 2017
schlafe bei So Okt 22 22:39:22 2017 für 60 Sekunden
Aufgeweckt als So Okt 22 22:40:22 2017
schlafe bei So Okt 22 22:40:22 2017 für 60 Sekunden
Aufgeweckt als So Okt 22 22:41:22 2017
schlafe bei So Okt 22 22:41:22 2017 für 60 Sekunden
Aufgeweckt als So Okt 22 22:42:22 2017
schlafe bei So Okt 22 22:42:22 2017 für 60 Sekunden
Aufgeweckt als So Okt 22 22:43:22 2017
schlafe bei So Okt 22 22:43:22 2017 für 60 Sekunden
Aufgeweckt als So Okt 22 22:44:22 2017
schlafe bei So Okt 22 22:44:22 2017 für 60 Sekunden
Aufgeweckt als So Okt 22 22:45:22 2017
schlafe bei So Okt 22 22:45:22 2017 für 60 Sekunden
Aufgeweckt als So Okt 22 22:46:22 2017
schlafe bei So Okt 22 22:46:22 2017 für 60 Sekunden
Aufgeweckt als So Okt 22 22:47:22 2017
schlafe bei So Okt 22 22:47:22 2017 für 60 Sekunden
Aufgeweckt als So Okt 22 22:48:22 2017
schlafe bei So Okt 22 22:48:22 2017 für 60 Sekunden
Aufgeweckt als So Okt 22 22:49:22 2017
schlafe bei So Okt 22 22:49:22 2017 für 60 Sekunden
Aufgeweckt als So Okt 22 22:50:22 2017
schlafe bei So Okt 22 22:50:22 2017 für 60 Sekunden
Aufgeweckt als So Okt 22 22:51:22 2017
schlafe bei So Okt 22 22:51:22 2017 für 60 Sekunden
Aufgeweckt als So Okt 22 22:52:22 2017
schlafe bei So Okt 22 22:52:22 2017 für 60 Sekunden
Aufgeweckt als So Okt 22 22:53:22 2017
schlafe bei So Okt 22 22:53:22 2017 für 60 Sekunden
Aufgeweckt als So Okt 22 22:54:22 2017
schlafe bei So Okt 22 22:54:22 2017 für 60 Sekunden
Aufgeweckt als So Okt 22 22:55:22 2017
schlafe bei So Okt 22 22:55:22 2017 für 60 Sekunden
Aufgeweckt als So Okt 22 22:56:22 2017
schlafe bei So Okt 22 22:56:22 2017 für 60 Sekunden
Aufgeweckt als So Okt 22 22:57:22 2017
schlafe bei So Okt 22 22:57:22 2017 für 60 Sekunden
Aufgeweckt als So Okt 22 22:58:22 2017
schlafe bei So Okt 22 22:58:22 2017 für 60 Sekunden
Aufgeweckt als So Okt 22 22:59:22 2017
schlafe bei So Okt 22 22:59:22 2017 für 60 Sekunden
Aufgeweckt als So Okt 22 23:00:22 2017
schlafe bei So Okt 22 23:00:22 2017 für 60 Sekunden
Aufgeweckt als So Okt 22 23:01:22 2017
schlafe bei So Okt 22 23:01:22 2017 für 60 Sekunden
Aufgeweckt als So Okt 22 23:02:22 2017
schlafe bei So Okt 22 23:02:22 2017 für 60 Sekunden
Aufgeweckt als So Okt 22 23:03:22 2017
schlafe bei So Okt 22 23:03:22 2017 für 60 Sekunden
Aufgeweckt als So Okt 22 23:04:22 2017
schlafe bei So Okt 22 23:04:22 2017 für 60 Sekunden
Aufgeweckt als So Okt 22 23:05:22 2017
schlafe bei So Okt 22 23:05:22 2017 für 60 Sekunden
Aufgeweckt als So Okt 22 23:06:22 2017
schlafe bei So Okt 22 23:06:22 2017 für 60 Sekunden
Aufgeweckt als So Okt 22 23:07:22 2017
schlafe bei So Okt 22 23:07:22 2017 für 60 Sekunden
Aufgeweckt als So Okt 22 23:08:22 2017
schlafe bei So Okt 22 23:08:22 2017 für 60 Sekunden
Aufgeweckt als So Okt 22 23:09:22 2017
schlafe bei So Okt 22 23:09:22 2017 für 60 Sekunden
Aufgeweckt als So Okt 22 23:10:22 2017
schlafe bei So Okt 22 23:10:22 2017 für 60 Sekunden
Aufgeweckt als So Okt 22 23:11:22 2017
schlafe bei So Okt 22 23:11:22 2017 für 60 Sekunden
Aufgeweckt als So Okt 22 23:12:22 2017
schlafe bei So Okt 22 23:12:22 2017 für 60 Sekunden
Aufgeweckt als So Okt 22 23:13:22 2017
schlafe bei So Okt 22 23:13:22 2017 für 60 Sekunden
Aufgeweckt als So Okt 22 23:14:22 2017
schlafe bei So Okt 22 23:14:22 2017 für 60 Sekunden
Aufgeweckt als So Okt 22 23:15:22 2017
schlafe bei So Okt 22 23:15:22 2017 für 60 Sekunden
Aufgeweckt als So Okt 22 23:16:22 2017
schlafe bei So Okt 22 23:16:22 2017 für 60 Sekunden
Aufgeweckt als So Okt 22 23:17:22 2017
schlafe bei So Okt 22 23:17:22 2017 für 60 Sekunden
Aufgeweckt als So Okt 22 23:18:22 2017
schlafe bei So Okt 22 23:18:22 2017 für 60 Sekunden
Aufgeweckt als So Okt 22 23:19:22 2017
schlafe bei So Okt 22 23:19:22 2017 für 60 Sekunden
Aufgeweckt als So Okt 22 23:20:22 2017
schlafe bei So Okt 22 23:20:22 2017 für 60 Sekunden
Aufgeweckt als So Okt 22 23:21:22 2017
schlafe bei So Okt 22 23:21:22 2017 für 60 Sekunden
Aufgeweckt als So Okt 22 23:22:22 2017
schlafe bei So Okt 22 23:22:22 2017 für 60 Sekunden
Aufgeweckt als So Okt 22 23:23:22 2017
schlafe bei So Okt 22 23:23:22 2017 für 60 Sekunden
Aufgeweckt als So Okt 22 23:24:22 2017
schlafe bei So Okt 22 23:24:22 2017 für 60 Sekunden
Aufgeweckt als So Okt 22 23:25:22 2017
schlafe bei So Okt 22 23:25:22 2017 für 60 Sekunden
Aufgeweckt als So Okt 22 23:26:22 2017
schlafe bei So Okt 22 23:26:22 2017 für 60 Sekunden
Aufgeweckt als So Okt 22 23:27:22 2017
schlafe bei So Okt 22 23:27:22 2017 für 60 Sekunden
Aufgeweckt als So Okt 22 23:28:22 2017
schlafe bei So Okt 22 23:28:22 2017 für 60 Sekunden
Aufgeweckt als So Okt 22 23:29:22 2017
schlafe bei So Okt 22 23:29:22 2017 für 60 Sekunden
Aufgeweckt als So Okt 22 23:30:22 2017
schlafe bei So Okt 22 23:30:22 2017 für 60 Sekunden
Aufgeweckt als So Okt 22 23:31:22 2017
schlafe bei So Okt 22 23:31:22 2017 für 60 Sekunden
Aufgeweckt als So Okt 22 23:32:22 2017
schlafe bei So Okt 22 23:32:22 2017 für 60 Sekunden
Aufgeweckt als So Okt 22 23:33:22 2017
schlafe bei So Okt 22 23:33:22 2017 für 60 Sekunden
Aufgeweckt als So Okt 22 23:34:22 2017
schlafe bei So Okt 22 23:34:22 2017 für 60 Sekunden
Aufgeweckt als So Okt 22 23:35:22 2017
schlafe bei So Okt 22 23:35:22 2017 für 60 Sekunden
Aufgeweckt als So Okt 22 23:36:22 2017
schlafe bei So Okt 22 23:36:22 2017 für 60 Sekunden
Aufgeweckt als So Okt 22 23:37:22 2017
schlafe bei So Okt 22 23:37:22 2017 für 60 Sekunden
Aufgeweckt als So Okt 22 23:38:22 2017
schlafe bei So Okt 22 23:38:22 2017 für 60 Sekunden
Aufgeweckt als So Okt 22 23:39:22 2017
schlafe bei So Okt 22 23:39:22 2017 für 60 Sekunden
Aufgeweckt als So Okt 22 23:40:22 2017
schlafe bei So Okt 22 23:40:22 2017 für 60 Sekunden
Aufgeweckt als So Okt 22 23:41:22 2017
schlafe bei So Okt 22 23:41:22 2017 für 60 Sekunden
Aufgeweckt als So Okt 22 23:42:22 2017
schlafe bei So Okt 22 23:42:22 2017 für 60 Sekunden
Aufgeweckt als So Okt 22 23:43:22 2017
schlafe bei So Okt 22 23:43:22 2017 für 60 Sekunden
Aufgeweckt als So Okt 22 23:44:22 2017
schlafe bei So Okt 22 23:44:22 2017 für 60 Sekunden
Aufgeweckt als So Okt 22 23:45:22 2017
schlafe bei So Okt 22 23:45:22 2017 für 60 Sekunden
Aufgeweckt als So Okt 22 23:46:22 2017
schlafe bei So Okt 22 23:46:22 2017 für 60 Sekunden
Aufgeweckt als So Okt 22 23:47:22 2017
schlafe bei So Okt 22 23:47:22 2017 für 60 Sekunden
Aufgeweckt als So Okt 22 23:48:22 2017
schlafe bei So Okt 22 23:48:22 2017 für 60 Sekunden
Aufgeweckt als So Okt 22 23:49:22 2017
schlafe bei So Okt 22 23:49:22 2017 für 60 Sekunden
Aufgeweckt als So Okt 22 23:50:22 2017
schlafe bei So Okt 22 23:50:22 2017 für 60 Sekunden
Aufgeweckt als So Okt 22 23:51:22 2017
schlafe bei So Okt 22 23:51:22 2017 für 60 Sekunden
Aufgeweckt als So Okt 22 23:52:22 2017
schlafe bei So Okt 22 23:52:22 2017 für 60 Sekunden
Aufgeweckt als So Okt 22 23:53:22 2017
schlafe bei So Okt 22 23:53:22 2017 für 60 Sekunden
Aufgeweckt als So Okt 22 23:54:22 2017
schlafe bei So Okt 22 23:54:22 2017 für 60 Sekunden
Aufgeweckt als So Okt 22 23:55:22 2017
schlafe bei So Okt 22 23:55:22 2017 für 60 Sekunden
Aufgeweckt als So Okt 22 23:56:22 2017
schlafe bei So Okt 22 23:56:22 2017 für 60 Sekunden
Aufgeweckt als So Okt 22 23:57:22 2017
schlafe bei So Okt 22 23:57:22 2017 für 60 Sekunden
Aufgeweckt als So Okt 22 23:58:22 2017
schlafe bei So Okt 22 23:58:22 2017 für 60 Sekunden
Aufgeweckt als So Okt 22 23:59:22 2017
schlafe bei So Okt 22 23:59:22 2017 für 60 Sekunden
Aufgeweckt als Mo Okt 23 00:00:22 2017
schlafe bei Mo Okt 23 00:00:22 2017 für 60 Sekunden
Aufgeweckt als Mo Okt 23 00:01:22 2017
schlafe bei Mo Okt 23 00:01:22 2017 für 60 Sekunden
Aufgeweckt als Mo Okt 23 00:02:22 2017
schlafe bei Mo Okt 23 00:02:22 2017 für 60 Sekunden
Aufgeweckt als Mo Okt 23 00:03:22 2017
schlafe bei Mo Okt 23 00:03:22 2017 für 60 Sekunden
Aufgeweckt als Mo Okt 23 00:04:22 2017
schlafe bei Mo Okt 23 00:04:22 2017 für 60 Sekunden
Aufgeweckt als Mo Okt 23 00:05:22 2017
schlafe bei Mo Okt 23 00:05:22 2017 für 60 Sekunden
Aufgeweckt als Mo Okt 23 00:06:22 2017
schlafe bei Mo Okt 23 00:06:22 2017 für 60 Sekunden
Aufgeweckt als Mo Okt 23 00:07:22 2017
schlafe bei Mo Okt 23 00:07:22 2017 für 60 Sekunden
Aufgeweckt als Mo Okt 23 00:08:22 2017
schlafe bei Mo Okt 23 00:08:22 2017 für 60 Sekunden
Aufgeweckt als Mo Okt 23 00:09:22 2017
schlafe bei Mo Okt 23 00:09:22 2017 für 60 Sekunden
Aufgeweckt als Mo Okt 23 00:10:22 2017
schlafe bei Mo Okt 23 00:10:22 2017 für 60 Sekunden
Aufgeweckt als Mo Okt 23 00:11:22 2017
schlafe bei Mo Okt 23 00:11:22 2017 für 60 Sekunden
Aufgeweckt als Mo Okt 23 00:12:22 2017
schlafe bei Mo Okt 23 00:12:22 2017 für 60 Sekunden
Aufgeweckt als Mo Okt 23 00:13:22 2017
schlafe bei Mo Okt 23 00:13:22 2017 für 60 Sekunden
Gestartet als Mi Okt 25 17:51:04 2017
schlafe bei Mi Okt 25 17:51:04 2017 für 60 Sekunden
Gestartet als Sa Okt 28 12:01:40 2017
schlafe bei Sa Okt 28 12:01:40 2017 für 60 Sekunden
Beendet (Sa Okt 28 12:01:44 2017) mit Signal 2
